android/app/build/intermediates/manifest_merge_blame_file/release/processReleaseMainManifest/manifest-merger-blame-release-report.txt
1<?xml version="1.0" encoding="utf-8"?>
2<manifest xmlns:android="http://schemas.android.com/apk/res/android"
3    package="com.example.wellnesshub"
4    android:versionCode="1"
5    android:versionName="1.0.0" >
6
7    <uses-sdk
8        android:minSdkVersion="21"
9        android:targetSdkVersion="34" />
10
11    <queries>
11-->src\main\AndroidManifest.xml:35:5-40:15
12        <intent>
12-->src\main\AndroidManifest.xml:36:9-39:18
13            <action android:name="android.intent.action.PROCESS_TEXT" />
13-->src\main\AndroidManifest.xml:37:13-72
13-->src\main\AndroidManifest.xml:37:21-70
14
15            <data android:mimeType="text/plain" />
15-->src\main\AndroidManifest.xml:38:13-50
15-->src\main\AndroidManifest.xml:38:19-48
16        </intent>
17    </queries>
18
19    <permission
19-->[androidx.core:core:1.13.1] AndroidManifest.xml:22:5-24:47
20        android:name="com.example.wellnesshub.DYNAMIC_RECEIVER_NOT_EXPORTED_PERMISSION"
20-->[androidx.core:core:1.13.1] AndroidManifest.xml:23:9-81
21        android:protectionLevel="signature" />
21-->[androidx.core:core:1.13.1] AndroidManifest.xml:24:9-44
22
23    <uses-permission android:name="com.example.wellnesshub.DYNAMIC_RECEIVER_NOT_EXPORTED_PERMISSION" /> <!-- Replace with your actual package name -->
23-->[androidx.core:core:1.13.1] AndroidManifest.xml:26:5-97
23-->[androidx.core:core:1.13.1] AndroidManifest.xml:26:22-94
24    <application
25        android:name="android.app.Application"
25-->src\main\AndroidManifest.xml:6:9-42
26        android:appComponentFactory="androidx.core.app.CoreComponentFactory"
26-->[androidx.core:core:1.13.1] AndroidManifest.xml:28:18-86
27        android:extractNativeLibs="true"
28        android:icon="@mipmap/ic_launcher"
28-->src\main\AndroidManifest.xml:7:9-43
29        android:label="wellnesshub" >
29-->src\main\AndroidManifest.xml:5:9-36
30        <activity
30-->src\main\AndroidManifest.xml:9:9-27:20
31            android:name="com.example.wellnesshub.MainActivity"
31-->src\main\AndroidManifest.xml:10:13-41
32            android:configChanges="orientation|keyboardHidden|keyboard|screenSize|smallestScreenSize|locale|layoutDirection|fontScale|screenLayout|density|uiMode"
32-->src\main\AndroidManifest.xml:15:13-163
33            android:exported="true"
33-->src\main\AndroidManifest.xml:11:13-36
34            android:hardwareAccelerated="true"
34-->src\main\AndroidManifest.xml:16:13-47
35            android:launchMode="singleTop"
35-->src\main\AndroidManifest.xml:12:13-43
36            android:taskAffinity=""
36-->src\main\AndroidManifest.xml:13:13-36
37            android:theme="@style/LaunchTheme"
37-->src\main\AndroidManifest.xml:14:13-47
38            android:windowSoftInputMode="adjustResize" >
38-->src\main\AndroidManifest.xml:17:13-55
39            <meta-data
39-->src\main\AndroidManifest.xml:19:13-21:56
40                android:name="io.flutter.embedding.android.NormalTheme"
40-->src\main\AndroidManifest.xml:20:17-72
41                android:resource="@style/NormalTheme" />
41-->src\main\AndroidManifest.xml:21:17-54
42
43            <intent-filter>
43-->src\main\AndroidManifest.xml:23:13-26:29
44                <action android:name="android.intent.action.MAIN" />
44-->src\main\AndroidManifest.xml:24:17-68
44-->src\main\AndroidManifest.xml:24:25-66
45
46                <category android:name="android.intent.category.LAUNCHER" />
46-->src\main\AndroidManifest.xml:25:17-76
46-->src\main\AndroidManifest.xml:25:27-74
47            </intent-filter>
48        </activity>
49
50        <meta-data
50-->src\main\AndroidManifest.xml:29:9-31:33
51            android:name="flutterEmbedding"
51-->src\main\AndroidManifest.xml:30:13-44
52            android:value="2" />
52-->src\main\AndroidManifest.xml:31:13-30
53
54        <uses-library
54-->[androidx.window:window:1.2.0] AndroidManifest.xml:23:9-25:40
55            android:name="androidx.window.extensions"
55-->[androidx.window:window:1.2.0] AndroidManifest.xml:24:13-54
56            android:required="false" />
56-->[androidx.window:window:1.2.0] AndroidManifest.xml:25:13-37
57        <uses-library
57-->[androidx.window:window:1.2.0] AndroidManifest.xml:26:9-28:40
58            android:name="androidx.window.sidecar"
58-->[androidx.window:window:1.2.0] AndroidManifest.xml:27:13-51
59            android:required="false" />
59-->[androidx.window:window:1.2.0] AndroidManifest.xml:28:13-37
60
61        <provider
61-->[androidx.lifecycle:lifecycle-process:2.7.0] AndroidManifest.xml:24:9-32:20
62            android:name="androidx.startup.InitializationProvider"
62-->[androidx.lifecycle:lifecycle-process:2.7.0] AndroidManifest.xml:25:13-67
63            android:authorities="com.example.wellnesshub.androidx-startup"
63-->[androidx.lifecycle:lifecycle-process:2.7.0] AndroidManifest.xml:26:13-68
64            android:exported="false" >
64-->[androidx.lifecycle:lifecycle-process:2.7.0] AndroidManifest.xml:27:13-37
65            <meta-data
65-->[androidx.lifecycle:lifecycle-process:2.7.0] AndroidManifest.xml:29:13-31:52
66                android:name="androidx.lifecycle.ProcessLifecycleInitializer"
66-->[androidx.lifecycle:lifecycle-process:2.7.0] AndroidManifest.xml:30:17-78
67                android:value="androidx.startup" />
67-->[androidx.lifecycle:lifecycle-process:2.7.0] AndroidManifest.xml:31:17-49
68            <meta-data
68-->[androidx.profileinstaller:profileinstaller:1.3.1] AndroidManifest.xml:29:13-31:52
69                android:name="androidx.profileinstaller.ProfileInstallerInitializer"
69-->[androidx.profileinstaller:profileinstaller:1.3.1] AndroidManifest.xml:30:17-85
70                android:value="androidx.startup" />
70-->[androidx.profileinstaller:profileinstaller:1.3.1] AndroidManifest.xml:31:17-49
71        </provider>
72
73        <receiver
73-->[androidx.profileinstaller:profileinstaller:1.3.1] AndroidManifest.xml:34:9-52:20
74            android:name="androidx.profileinstaller.ProfileInstallReceiver"
74-->[androidx.profileinstaller:profileinstaller:1.3.1] AndroidManifest.xml:35:13-76
75            android:directBootAware="false"
75-->[androidx.profileinstaller:profileinstaller:1.3.1] AndroidManifest.xml:36:13-44
76            android:enabled="true"
76-->[androidx.profileinstaller:profileinstaller:1.3.1] AndroidManifest.xml:37:13-35
77            android:exported="true"
77-->[androidx.profileinstaller:profileinstaller:1.3.1] AndroidManifest.xml:38:13-36
78            android:permission="android.permission.DUMP" >
78-->[androidx.profileinstaller:profileinstaller:1.3.1] AndroidManifest.xml:39:13-57
79            <intent-filter>
79-->[androidx.profileinstaller:profileinstaller:1.3.1] AndroidManifest.xml:40:13-42:29
80                <action android:name="androidx.profileinstaller.action.INSTALL_PROFILE" />
80-->[androidx.profileinstaller:profileinstaller:1.3.1] AndroidManifest.xml:41:17-91
80-->[androidx.profileinstaller:profileinstaller:1.3.1] AndroidManifest.xml:41:25-88
81            </intent-filter>
82            <intent-filter>
82-->[androidx.profileinstaller:profileinstaller:1.3.1] AndroidManifest.xml:43:13-45:29
83                <action android:name="androidx.profileinstaller.action.SKIP_FILE" />
83-->[androidx.profileinstaller:profileinstaller:1.3.1] AndroidManifest.xml:44:17-85
83-->[androidx.profileinstaller:profileinstaller:1.3.1] AndroidManifest.xml:44:25-82
84            </intent-filter>
85            <intent-filter>
85-->[androidx.profileinstaller:profileinstaller:1.3.1] AndroidManifest.xml:46:13-48:29
86                <action android:name="androidx.profileinstaller.action.SAVE_PROFILE" />
86-->[androidx.profileinstaller:profileinstaller:1.3.1] AndroidManifest.xml:47:17-88
86-->[androidx.profileinstaller:profileinstaller:1.3.1] AndroidManifest.xml:47:25-85
87            </intent-filter>
88            <intent-filter>
88-->[androidx.profileinstaller:profileinstaller:1.3.1] AndroidManifest.xml:49:13-51:29
89                <action android:name="androidx.profileinstaller.action.BENCHMARK_OPERATION" />
89-->[androidx.profileinstaller:profileinstaller:1.3.1] AndroidManifest.xml:50:17-95
89-->[androidx.profileinstaller:profileinstaller:1.3.1] AndroidManifest.xml:50:25-92
90            </intent-filter>
91        </receiver>
92    </application>
93
94</manifest>